Determining if the pthread_create exist failed with the following output:
Change Dir: /home/zz/yolo_cpp/CMakeFiles/CMakeTmp

Run Build Command:"/usr/bin/make" "cmTC_4420d/fast"
/usr/bin/make -f CMakeFiles/cmTC_4420d.dir/build.make CMakeFiles/cmTC_4420d.dir/build
make[1]: Entering directory '/home/zz/yolo_cpp/CMakeFiles/CMakeTmp'
Building C object CMakeFiles/cmTC_4420d.dir/CheckSymbolExists.c.o
/usr/bin/cc    -fPIC    -o CMakeFiles/cmTC_4420d.dir/CheckSymbolExists.c.o   -c /home/zz/yolo_cpp/CMakeFiles/CMakeTmp/CheckSymbolExists.c
Linking C executable cmTC_4420d
/usr/bin/cmake -E cmake_link_script CMakeFiles/cmTC_4420d.dir/link.txt --verbose=1
/usr/bin/cc  -fPIC     CMakeFiles/cmTC_4420d.dir/CheckSymbolExists.c.o  -o cmTC_4420d -rdynamic 
CMakeFiles/cmTC_4420d.dir/CheckSymbolExists.c.o：在函数‘main’中：
CheckSymbolExists.c:(.text+0x1b)：对‘pthread_create’未定义的引用
collect2: error: ld returned 1 exit status
CMakeFiles/cmTC_4420d.dir/build.make:97: recipe for target 'cmTC_4420d' failed
make[1]: *** [cmTC_4420d] Error 1
make[1]: Leaving directory '/home/zz/yolo_cpp/CMakeFiles/CMakeTmp'
Makefile:126: recipe for target 'cmTC_4420d/fast' failed
make: *** [cmTC_4420d/fast] Error 2

File /home/zz/yolo_cpp/CMakeFiles/CMakeTmp/CheckSymbolExists.c:
/* */
#include <pthread.h>

int main(int argc, char** argv)
{
  (void)argv;
#ifndef pthread_create
  return ((int*)(&pthread_create))[argc];
#else
  (void)argc;
  return 0;
#endif
}

Determining if the function pthread_create exists in the pthreads failed with the following output:
Change Dir: /home/zz/yolo_cpp/CMakeFiles/CMakeTmp

Run Build Command:"/usr/bin/make" "cmTC_54690/fast"
/usr/bin/make -f CMakeFiles/cmTC_54690.dir/build.make CMakeFiles/cmTC_54690.dir/build
make[1]: Entering directory '/home/zz/yolo_cpp/CMakeFiles/CMakeTmp'
Building C object CMakeFiles/cmTC_54690.dir/CheckFunctionExists.c.o
/usr/bin/cc    -fPIC -DCHECK_FUNCTION_EXISTS=pthread_create   -o CMakeFiles/cmTC_54690.dir/CheckFunctionExists.c.o   -c /usr/share/cmake-3.5/Modules/CheckFunctionExists.c
Linking C executable cmTC_54690
/usr/bin/cmake -E cmake_link_script CMakeFiles/cmTC_54690.dir/link.txt --verbose=1
/usr/bin/cc  -fPIC -DCHECK_FUNCTION_EXISTS=pthread_create    CMakeFiles/cmTC_54690.dir/CheckFunctionExists.c.o  -o cmTC_54690 -rdynamic -lpthreads 
/usr/bin/ld: 找不到 -lpthreads
collect2: error: ld returned 1 exit status
CMakeFiles/cmTC_54690.dir/build.make:97: recipe for target 'cmTC_54690' failed
make[1]: *** [cmTC_54690] Error 1
make[1]: Leaving directory '/home/zz/yolo_cpp/CMakeFiles/CMakeTmp'
Makefile:126: recipe for target 'cmTC_54690/fast' failed
make: *** [cmTC_54690/fast] Error 2


